Determining if the pthread_create exist failed with the following output:
Change Dir: /home/workspace/gazebo-plugin/build/CMakeFiles/CMakeTmp

Run Build Command:"/usr/bin/make" "cmTC_3aa9c/fast"
/usr/bin/make -f CMakeFiles/cmTC_3aa9c.dir/build.make CMakeFiles/cmTC_3aa9c.dir/build
make[1]: Entering directory '/home/workspace/gazebo-plugin/build/CMakeFiles/CMakeTmp'
Building C object CMakeFiles/cmTC_3aa9c.dir/CheckSymbolExists.c.o
/usr/bin/cc     -o CMakeFiles/cmTC_3aa9c.dir/CheckSymbolExists.c.o   -c /home/workspace/gazebo-plugin/build/CMakeFiles/CMakeTmp/CheckSymbolExists.c
Linking C executable cmTC_3aa9c
/usr/bin/cmake -E cmake_link_script CMakeFiles/cmTC_3aa9c.dir/link.txt --verbose=1
/usr/bin/cc       CMakeFiles/cmTC_3aa9c.dir/CheckSymbolExists.c.o  -o cmTC_3aa9c -rdynamic 
CMakeFiles/cmTC_3aa9c.dir/CheckSymbolExists.c.o: In function `main':
CheckSymbolExists.c:(.text+0x16): undefined reference to `pthread_create'
collect2: error: ld returned 1 exit status
CMakeFiles/cmTC_3aa9c.dir/build.make:97: recipe for target 'cmTC_3aa9c' failed
make[1]: *** [cmTC_3aa9c] Error 1
make[1]: Leaving directory '/home/workspace/gazebo-plugin/build/CMakeFiles/CMakeTmp'
Makefile:126: recipe for target 'cmTC_3aa9c/fast' failed
make: *** [cmTC_3aa9c/fast] Error 2

File /home/workspace/gazebo-plugin/build/CMakeFiles/CMakeTmp/CheckSymbolExists.c:
/* */
#include <pthread.h>

int main(int argc, char** argv)
{
  (void)argv;
#ifndef pthread_create
  return ((int*)(&pthread_create))[argc];
#else
  (void)argc;
  return 0;
#endif
}

Determining if the function pthread_create exists in the pthreads failed with the following output:
Change Dir: /home/workspace/gazebo-plugin/build/CMakeFiles/CMakeTmp

Run Build Command:"/usr/bin/make" "cmTC_f76d3/fast"
/usr/bin/make -f CMakeFiles/cmTC_f76d3.dir/build.make CMakeFiles/cmTC_f76d3.dir/build
make[1]: Entering directory '/home/workspace/gazebo-plugin/build/CMakeFiles/CMakeTmp'
Building C object CMakeFiles/cmTC_f76d3.dir/CheckFunctionExists.c.o
/usr/bin/cc    -DCHECK_FUNCTION_EXISTS=pthread_create   -o CMakeFiles/cmTC_f76d3.dir/CheckFunctionExists.c.o   -c /usr/share/cmake-3.5/Modules/CheckFunctionExists.c
Linking C executable cmTC_f76d3
/usr/bin/cmake -E cmake_link_script CMakeFiles/cmTC_f76d3.dir/link.txt --verbose=1
/usr/bin/cc   -DCHECK_FUNCTION_EXISTS=pthread_create    CMakeFiles/cmTC_f76d3.dir/CheckFunctionExists.c.o  -o cmTC_f76d3 -rdynamic -lpthreads 
/usr/bin/ld: cannot find -lpthreads
collect2: error: ld returned 1 exit status
CMakeFiles/cmTC_f76d3.dir/build.make:97: recipe for target 'cmTC_f76d3' failed
make[1]: *** [cmTC_f76d3] Error 1
make[1]: Leaving directory '/home/workspace/gazebo-plugin/build/CMakeFiles/CMakeTmp'
Makefile:126: recipe for target 'cmTC_f76d3/fast' failed
make: *** [cmTC_f76d3/fast] Error 2


